{
	"/home/izznatsir/Codes/github.com/jaizcs/backend/app.js": {
		"path": "/home/izznatsir/Codes/github.com/jaizcs/backend/app.js",
		"all": false,
		"statementMap": {
			"0": {
				"start": { "line": 1, "column": 0 },
				"end": { "line": 1, "column": 13 }
			},
			"1": {
				"start": { "line": 2, "column": 0 },
				"end": { "line": 2, "column": 0 }
			},
			"2": {
				"start": { "line": 3, "column": 0 },
				"end": { "line": 3, "column": 24 }
			},
			"3": {
				"start": { "line": 4, "column": 0 },
				"end": { "line": 4, "column": 30 }
			},
			"4": {
				"start": { "line": 5, "column": 0 },
				"end": { "line": 5, "column": 0 }
			},
			"5": {
				"start": { "line": 6, "column": 0 },
				"end": { "line": 6, "column": 53 }
			},
			"6": {
				"start": { "line": 7, "column": 0 },
				"end": { "line": 7, "column": 44 }
			},
			"7": {
				"start": { "line": 8, "column": 0 },
				"end": { "line": 8, "column": 0 }
			},
			"8": {
				"start": { "line": 9, "column": 0 },
				"end": { "line": 9, "column": 28 }
			},
			"9": {
				"start": { "line": 10, "column": 0 },
				"end": { "line": 10, "column": 13 }
			},
			"10": {
				"start": { "line": 11, "column": 0 },
				"end": { "line": 11, "column": 21 }
			},
			"11": {
				"start": { "line": 12, "column": 0 },
				"end": { "line": 12, "column": 45 }
			},
			"12": {
				"start": { "line": 13, "column": 0 },
				"end": { "line": 13, "column": 13 }
			},
			"13": {
				"start": { "line": 14, "column": 0 },
				"end": { "line": 14, "column": 19 }
			}
		},
		"s": {
			"0": 1,
			"1": 1,
			"2": 1,
			"3": 1,
			"4": 1,
			"5": 1,
			"6": 1,
			"7": 1,
			"8": 1,
			"9": 1,
			"10": 1,
			"11": 1,
			"12": 1,
			"13": 1
		},
		"branchMap": {},
		"b": {},
		"fnMap": {},
		"f": {}
	},
	"/home/izznatsir/Codes/github.com/jaizcs/backend/middlewares/error.js": {
		"path": "/home/izznatsir/Codes/github.com/jaizcs/backend/middlewares/error.js",
		"all": false,
		"statementMap": {
			"0": {
				"start": { "line": 1, "column": 0 },
				"end": { "line": 1, "column": 13 }
			},
			"1": {
				"start": { "line": 2, "column": 0 },
				"end": { "line": 2, "column": 0 }
			},
			"2": {
				"start": { "line": 3, "column": 0 },
				"end": { "line": 3, "column": 60 }
			},
			"3": {
				"start": { "line": 4, "column": 0 },
				"end": { "line": 4, "column": 22 }
			},
			"4": {
				"start": { "line": 5, "column": 0 },
				"end": { "line": 5, "column": 35 }
			},
			"5": {
				"start": { "line": 6, "column": 0 },
				"end": { "line": 6, "column": 4 }
			},
			"6": {
				"start": { "line": 7, "column": 0 },
				"end": { "line": 7, "column": 2 }
			}
		},
		"s": { "0": 1, "1": 1, "2": 1, "3": 0, "4": 0, "5": 0, "6": 0 },
		"branchMap": {},
		"b": {},
		"fnMap": {
			"0": {
				"name": "handleError",
				"decl": {
					"start": { "line": 3, "column": 27 },
					"end": { "line": 7, "column": 2 }
				},
				"loc": {
					"start": { "line": 3, "column": 27 },
					"end": { "line": 7, "column": 2 }
				},
				"line": 3
			}
		},
		"f": { "0": 0 }
	},
	"/home/izznatsir/Codes/github.com/jaizcs/backend/routers/index.js": {
		"path": "/home/izznatsir/Codes/github.com/jaizcs/backend/routers/index.js",
		"all": false,
		"statementMap": {
			"0": {
				"start": { "line": 1, "column": 0 },
				"end": { "line": 1, "column": 33 }
			},
			"1": {
				"start": { "line": 2, "column": 0 },
				"end": { "line": 2, "column": 0 }
			},
			"2": {
				"start": { "line": 3, "column": 0 },
				"end": { "line": 3, "column": 75 }
			},
			"3": {
				"start": { "line": 4, "column": 0 },
				"end": { "line": 4, "column": 62 }
			},
			"4": {
				"start": { "line": 5, "column": 0 },
				"end": { "line": 5, "column": 3 }
			}
		},
		"s": { "0": 1, "1": 1, "2": 1, "3": 1, "4": 1 },
		"branchMap": {
			"0": {
				"type": "branch",
				"line": 3,
				"loc": {
					"start": { "line": 3, "column": 52 },
					"end": { "line": 5, "column": 2 }
				},
				"locations": [
					{
						"start": { "line": 3, "column": 52 },
						"end": { "line": 5, "column": 2 }
					}
				]
			}
		},
		"b": { "0": [1] },
		"fnMap": {},
		"f": {}
	}
}
